<?xml version="1.0" encoding="UTF-8"?>
<!-- Generated by org.testng.reporters.JUnitReportReporter -->
<testsuite hostname="DESKTOP-E1U1G16" failures="0" tests="1" name="com.bonat.base.testcases.LoginTest" time="0.505" errors="0" timestamp="2023-05-09T11:21:58 EET" skipped="0">
  <testcase classname="com.bonat.base.testcases.LoginTest" name="submitForm" time="0.505"/>
  <system-out/>
</testsuite> <!-- com.bonat.base.testcases.LoginTest -->
